== [CC_PATCH_FRONT_WRITE_PATCHES_JS_V1_20260304] Start ==
✅ backup: assets/js/patches.js.bak.20260304_071631
✅ wrote: assets/js/patches.js

== Syntax check (node) ==
✅ OK: patches.js syntax

== Git status (for review) ==
 M assets/js/main.js
 M assets/js/patches.js
?? assets/js/config.js
?? assets/js/patches.js.bad.20260304_061631
?? assets/js/patches.js.bad.20260304_062655
?? backup_js_CC_PATCH_MERGE_JS_TO_ASSETS_V1_20260302_20260302_215431.tgz
?? run_CC_PATCH_FRONT_CREATE_CONFIGJS_V1_20260304_050138.log
?? run_CC_PATCH_FRONT_FIX_API_CALLS_ONLY_V1_20260304_040607.log
?? run_CC_PATCH_FRONT_FIX_CC_URL_REGEX_V1_20260304_041119.log
?? run_CC_PATCH_FRONT_FIX_CC_URL_REGEX_V2_20260304_041625.log
?? run_CC_PATCH_FRONT_FIX_CC_URL_REGEX_V2_20260304_042458.log
?? run_CC_PATCH_FRONT_INDEX_ALIAS_CC_API_BASE_V1_20260304_042512.log
?? run_CC_PATCH_FRONT_INDEX_LOAD_CONFIGJS_V1_20260304_050527.log
?? run_CC_PATCH_FRONT_REBUILD_CC_URL_HELPER_V1_20260304_043315.log
?? run_CC_PATCH_FRONT_REMOVE_DUP_CC_URL_HELPER_V1_20260304_043109.log
?? run_CC_PATCH_FRONT_RESET_PREFIX_TO_MARKER_V1_20260304_043529.log
?? run_CC_PATCH_FRONT_RESTORE_AND_FIX_API_CALLS_V1_20260304_051614.log
?? run_CC_PATCH_FRONT_RESTORE_MAINJS_FROM_COMMIT_F705B6E_V1_20260304_045031.log
?? run_CC_PATCH_FRONT_REWRITE_CC_URL_HELPER_V1_20260304_042913.log
?? run_CC_PATCH_FRONT_WRITE_PATCHES_JS_V1_20260304_071630.log

== Rollback (Git, 1 step back) ==
git reset --hard HEAD~1
== [CC_PATCH_FRONT_WRITE_PATCHES_JS_V1_20260304] Done ==
